2025-03-31 08:51:00 Loading main app package /usr/lib/obsidian/obsidian.asar
2025-03-31 08:51:01 Checking for update using Github
2025-03-31 08:51:01 Success.
2025-03-31 08:51:01 Latest version is 1.8.9
2025-03-31 08:51:01 App is up to date.
2025-03-31 09:51:01 Checking for update using Github
2025-03-31 09:51:01 Success.
2025-03-31 09:51:01 Latest version is 1.8.9
2025-03-31 09:51:01 App is up to date.
2025-03-31 10:58:12 Checking for update using Github
2025-03-31 10:58:12 Success.
2025-03-31 10:58:12 Latest version is 1.8.9
2025-03-31 10:58:12 App is up to date.
2025-03-31 11:58:12 Checking for update using Github
2025-03-31 11:58:12 Success.
2025-03-31 11:58:12 Latest version is 1.8.9
2025-03-31 11:58:12 App is up to date.
2025-03-31 14:54:10 Checking for update using Github
2025-03-31 14:54:10 Success.
2025-03-31 14:54:10 Latest version is 1.8.9
2025-03-31 14:54:10 App is up to date.
2025-04-01 08:17:00 Checking for update using Github
2025-04-01 08:17:00 Success.
2025-04-01 08:17:00 Latest version is 1.8.9
2025-04-01 08:17:00 App is up to date.
2025-04-01 09:17:00 Checking for update using Github
2025-04-01 09:17:00 Success.
2025-04-01 09:17:00 Latest version is 1.8.9
2025-04-01 09:17:00 App is up to date.
2025-04-02 08:07:34 Loading main app package /usr/lib/obsidian/obsidian.asar
2025-04-02 08:07:34 Checking for update using Github
2025-04-02 08:07:34 Success.
2025-04-02 08:07:34 Latest version is 1.8.9
2025-04-02 08:07:34 App is up to date.
2025-04-07 12:52:13 Loading main app package /usr/lib/obsidian/obsidian.asar
2025-04-07 12:52:14 Checking for update using Github
2025-04-07 12:52:14 Success.
2025-04-07 12:52:14 Latest version is 1.8.9
2025-04-07 12:52:14 App is up to date.
2025-04-07 17:47:05 Checking for update using Github
2025-04-07 17:47:05 Success.
2025-04-07 17:47:05 Latest version is 1.8.9
2025-04-07 17:47:05 App is up to date.
2025-04-07 18:47:05 Checking for update using Github
2025-04-07 18:47:05 Success.
2025-04-07 18:47:05 Latest version is 1.8.9
2025-04-07 18:47:05 App is up to date.
2025-04-08 06:56:35 Checking for update using Github
2025-04-08 06:56:35 Success.
2025-04-08 06:56:35 Latest version is 1.8.9
2025-04-08 06:56:35 App is up to date.
2025-04-08 07:56:35 Checking for update using Github
2025-04-08 07:56:35 Success.
2025-04-08 07:56:35 Latest version is 1.8.9
2025-04-08 07:56:35 App is up to date.
2025-04-08 09:01:59 Checking for update using Github
2025-04-08 09:01:59 Success.
2025-04-08 09:01:59 Latest version is 1.8.9
2025-04-08 09:01:59 App is up to date.
2025-04-08 11:16:15 Checking for update using Github
2025-04-08 11:16:15 Success.
2025-04-08 11:16:15 Latest version is 1.8.9
2025-04-08 11:16:15 App is up to date.
2025-04-08 12:49:08 Checking for update using Github
2025-04-08 12:49:08 Success.
2025-04-08 12:49:08 Latest version is 1.8.9
2025-04-08 12:49:08 App is up to date.
2025-04-08 13:53:19 Checking for update using Github
2025-04-08 13:53:19 Success.
2025-04-08 13:53:19 Latest version is 1.8.9
2025-04-08 13:53:19 App is up to date.
2025-04-08 15:04:07 Checking for update using Github
2025-04-08 15:04:07 Success.
2025-04-08 15:04:07 Latest version is 1.8.9
2025-04-08 15:04:07 App is up to date.
2025-04-09 07:49:48 Loading main app package /usr/lib/obsidian/obsidian.asar
2025-04-09 07:49:48 Checking for update using Github
2025-04-09 07:49:48 Success.
2025-04-09 07:49:48 Latest version is 1.8.9
2025-04-09 07:49:48 App is up to date.
2025-04-09 08:49:48 Checking for update using Github
2025-04-09 08:49:48 Success.
2025-04-09 08:49:48 Latest version is 1.8.9
2025-04-09 08:49:48 App is up to date.
2025-04-09 09:04:45 Loading main app package /usr/lib/obsidian/obsidian.asar
2025-04-09 09:04:45 Checking for update using Github
2025-04-09 09:04:45 Success.
2025-04-09 09:04:45 Latest version is 1.8.9
2025-04-09 09:04:45 App is up to date.
2025-04-14 12:08:11 Loading main app package /usr/lib/obsidian/obsidian.asar
2025-04-14 12:08:11 Checking for update using Github
2025-04-14 12:08:11 Success.
2025-04-14 12:08:11 Latest version is 1.8.9
2025-04-14 12:08:11 App is up to date.
2025-04-14 13:08:11 Checking for update using Github
2025-04-14 13:08:11 Success.
2025-04-14 13:08:11 Latest version is 1.8.9
2025-04-14 13:08:11 App is up to date.
2025-04-17 14:59:12 Loading main app package /usr/lib/obsidian/obsidian.asar
2025-04-17 14:59:12 Checking for update using Github
2025-04-17 14:59:12 Success.
2025-04-17 14:59:12 Latest version is 1.8.9
2025-04-17 14:59:12 App is up to date.
2025-04-17 16:26:59 Checking for update using Github
2025-04-17 16:26:59 Success.
2025-04-17 16:26:59 Latest version is 1.8.9
2025-04-17 16:26:59 App is up to date.
2025-04-18 11:18:23 Loading main app package /usr/lib/obsidian/obsidian.asar
2025-04-18 11:18:23 Checking for update using Github
2025-04-18 11:18:23 Success.
2025-04-18 11:18:23 Latest version is 1.8.9
2025-04-18 11:18:23 App is up to date.
2025-04-20 09:06:46 Loading main app package /usr/lib/obsidian/obsidian.asar
2025-04-20 09:06:46 Checking for update using Github
2025-04-20 09:06:47 Success.
2025-04-20 09:06:47 Latest version is 1.8.9
2025-04-20 09:06:47 App is up to date.
2025-04-20 10:06:46 Checking for update using Github
2025-04-20 10:06:46 Success.
2025-04-20 10:06:46 Latest version is 1.8.9
2025-04-20 10:06:46 App is up to date.
2025-05-14 10:09:25 Loading main app package /usr/lib/obsidian/obsidian.asar
2025-05-14 10:09:26 Checking for update using Github
2025-05-14 10:09:26 Success.
2025-05-14 10:09:26 Latest version is 1.8.10
2025-05-14 10:09:26 Downloading update from https://github.com/obsidianmd/obsidian-releases/releases/download/v1.8.10/obsidian-1.8.10.asar.gz
2025-05-14 10:09:28 Verifying hash & signature. Size= 8128788
2025-05-14 10:09:28 Saving file
2025-05-14 10:09:29 Update complete.
2025-05-14 12:17:37 Checking for update using Github
2025-05-14 12:17:37 Success.
2025-05-14 12:17:37 Latest version is 1.8.10
2025-05-14 12:17:37 An update is already downloaded.
2025-05-14 18:05:13 Checking for update using Github
2025-05-14 18:05:13 Success.
2025-05-14 18:05:13 Latest version is 1.8.10
2025-05-14 18:05:13 An update is already downloaded.
2025-05-25 11:03:26 Loading updated app package /home/udodos/.config/obsidian/obsidian-1.8.10.asar
2025-05-25 11:03:27 Checking for update using Github
2025-05-25 11:03:27 Success.
2025-05-25 11:03:27 Latest version is 1.8.10
2025-05-25 11:03:27 App is up to date.
2025-05-25 12:03:26 Checking for update using Github
2025-05-25 12:03:26 Success.
2025-05-25 12:03:26 Latest version is 1.8.10
2025-05-25 12:03:26 App is up to date.
2025-05-25 14:37:40 Checking for update using Github
2025-05-25 14:37:40 Success.
2025-05-25 14:37:40 Latest version is 1.8.10
2025-05-25 14:37:40 App is up to date.
